<?xml version="1.0" encoding="UTF-8"?>
<!-- Generated by org.testng.reporters.JUnitReportReporter -->
<testsuite hostname="SHAURYA" failures="0" tests="1" name="switching.HandlingPromtPopup" time="32.691" errors="0" timestamp="16 May 2023 19:09:46 GMT" skipped="0">
  <testcase classname="switching.HandlingPromtPopup" name="testalert" time="32.691"/>
</testsuite> <!-- switching.HandlingPromtPopup -->
