<?xml version="1.0" encoding="UTF-8"?>
<!-- Generated by org.testng.reporters.JUnitReportReporter -->
<testsuite hostname="SHAURYA" failures="0" tests="1" name="switching.HandlingAlert" time="31.591" errors="0" timestamp="16 May 2023 18:48:43 GMT" skipped="0">
  <testcase classname="switching.HandlingAlert" name="testalert" time="31.591"/>
</testsuite> <!-- switching.HandlingAlert -->
