<?xml version="1.0" encoding="UTF-8"?>
<!-- Generated by org.testng.reporters.JUnitReportReporter -->
<testsuite hostname="SHAURYA" failures="0" tests="1" name="testngexamples.Example" time="0.000" errors="0" timestamp="2023-05-22T15:54:36 IST" skipped="1">
  <testcase classname="testngexamples.Example" name="tc1" time="0.000">
    <skipped/>
  </testcase> <!-- tc1 -->
  <system-out/>
</testsuite> <!-- testngexamples.Example -->
