<?xml version="1.0" encoding="UTF-8"?>
<!-- Generated by org.testng.reporters.JUnitReportReporter -->
<testsuite hostname="SHAURYA" failures="0" tests="1" name="testngexamples.Example4" time="13.768" errors="0" timestamp="09 May 2023 08:07:58 GMT" skipped="0">
  <testcase classname="testngexamples.Example4" name="LoginInToApplication" time="13.768"/>
</testsuite> <!-- testngexamples.Example4 -->
