<?xml version="1.0" encoding="UTF-8"?>
<!-- Generated by org.testng.reporters.JUnitReportReporter -->
<testsuite hostname="SHAURYA" failures="0" tests="2" name="testngexamples.Example3" time="0.000" errors="0" timestamp="2023-05-22T15:54:36 IST" skipped="2">
  <testcase classname="testngexamples.Example3" name="testcase2" time="0.000">
    <skipped/>
  </testcase> <!-- testcase2 -->
  <system-out/>
  <testcase classname="testngexamples.Example3" name="testcase1" time="0.000">
    <skipped/>
  </testcase> <!-- testcase1 -->
  <system-out/>
</testsuite> <!-- testngexamples.Example3 -->
