<?xml version="1.0" encoding="UTF-8"?>
<!-- Generated by org.testng.reporters.JUnitReportReporter -->
<testsuite hostname="SHAURYA" failures="0" tests="1" name="switching.HandlingFrames" time="21.537" errors="0" timestamp="15 May 2023 17:55:19 GMT" skipped="0">
  <testcase classname="switching.HandlingFrames" name="dragAndDropInsideTheFrame" time="21.537"/>
</testsuite> <!-- switching.HandlingFrames -->
