<?xml version="1.0" encoding="UTF-8"?>
<!-- Generated by org.testng.reporters.JUnitReportReporter -->
<testsuite hostname="SHAURYA" failures="0" tests="1" name="switching.HandlingConfirmationPopup" time="32.377" errors="0" timestamp="16 May 2023 19:04:04 GMT" skipped="0">
  <testcase classname="switching.HandlingConfirmationPopup" name="testalert" time="32.377"/>
</testsuite> <!-- switching.HandlingConfirmationPopup -->
