<?xml version="1.0" encoding="UTF-8"?>
<!-- Generated by org.testng.reporters.JUnitReportReporter -->
<testsuite hostname="SHAURYA" failures="0" tests="1" name="mouseOperations.FlipkartAssignment" time="25.761" errors="0" timestamp="15 May 2023 19:22:15 GMT" skipped="0">
  <testcase classname="mouseOperations.FlipkartAssignment" name="mouseOver" time="25.761"/>
</testsuite> <!-- mouseOperations.FlipkartAssignment -->
